Using pre-set license
Built from '2022.3/staging' branch; Version is '2022.3.9f1 (ea401c316338) revision 15351836'; Using compiler version '192829333'; Build Type 'Release'
OS: 'Windows 11  (10.0.22631) 64bit Core' Language: 'en' Physical Memory: 16192 MB
BatchMode: 1, IsHumanControllingUs: 0, StartBugReporterOnCrash: 0, Is64bit: 1, IsPro: 1

COMMAND LINE ARGUMENTS:
C:\Program Files\Unity\Hub\Editor\2022.3.9f1\Editor\Unity.exe
-adb2
-batchMode
-noUpm
-name
AssetImportWorker1
-projectPath
C:/Users/gohke/OneDrive/Desktop/SOT 3dModeling/SOTModeling
-logFile
Logs/AssetImportWorker1.log
-srvPort
61228
Successfully changed project path to: C:/Users/gohke/OneDrive/Desktop/SOT 3dModeling/SOTModeling
C:/Users/gohke/OneDrive/Desktop/SOT 3dModeling/SOTModeling
[UnityMemory] Configuration Parameters - Can be set up in boot.config
    "memorysetup-bucket-allocator-granularity=16"
    "memorysetup-bucket-allocator-bucket-count=8"
    "memorysetup-bucket-allocator-block-size=33554432"
    "memorysetup-bucket-allocator-block-count=8"
    "memorysetup-main-allocator-block-size=16777216"
    "memorysetup-thread-allocator-block-size=16777216"
    "memorysetup-gfx-main-allocator-block-size=16777216"
    "memorysetup-gfx-thread-allocator-block-size=16777216"
    "memorysetup-cache-allocator-block-size=4194304"
    "memorysetup-typetree-allocator-block-size=2097152"
    "memorysetup-profiler-bucket-allocator-granularity=16"
    "memorysetup-profiler-bucket-allocator-bucket-count=8"
    "memorysetup-profiler-bucket-allocator-block-size=33554432"
    "memorysetup-profiler-bucket-allocator-block-count=8"
    "memorysetup-profiler-allocator-block-size=16777216"
    "memorysetup-profiler-editor-allocator-block-size=1048576"
    "memorysetup-temp-allocator-size-main=16777216"
    "memorysetup-job-temp-allocator-block-size=2097152"
    "memorysetup-job-temp-allocator-block-size-background=1048576"
    "memorysetup-job-temp-allocator-reduction-small-platforms=262144"
    "memorysetup-allocator-temp-initial-block-size-main=262144"
    "memorysetup-allocator-temp-initial-block-size-worker=262144"
    "memorysetup-temp-allocator-size-background-worker=32768"
    "memorysetup-temp-allocator-size-job-worker=262144"
    "memorysetup-temp-allocator-size-preload-manager=33554432"
    "memorysetup-temp-allocator-size-nav-mesh-worker=65536"
    "memorysetup-temp-allocator-size-audio-worker=65536"
    "memorysetup-temp-allocator-size-cloud-worker=32768"
    "memorysetup-temp-allocator-size-gi-baking-worker=262144"
    "memorysetup-temp-allocator-size-gfx=262144"
Player connection [17608] Host "[IP] 192.168.100.13 [Port] 0 [Flags] 2 [Guid] 4178439664 [EditorId] 4178439664 [Version] 1048832 [Id] WindowsEditor(7,LAPTOP-GG3N6VJP) [Debug] 1 [PackageName] WindowsEditor [ProjectName] Editor" joined multi-casting on [225.0.0.222:54997]...

Player connection [17608] Host "[IP] 192.168.100.13 [Port] 0 [Flags] 2 [Guid] 4178439664 [EditorId] 4178439664 [Version] 1048832 [Id] WindowsEditor(7,LAPTOP-GG3N6VJP) [Debug] 1 [PackageName] WindowsEditor [ProjectName] Editor" joined alternative multi-casting on [225.0.0.222:34997]...

[Physics::Module] Initialized MultithreadedJobDispatcher with 7 workers.
Refreshing native plugins compatible for Editor in 67.73 ms, found 8 plugins.
Preloading 0 native plugins for Editor in 0.00 ms.
Initialize engine version: 2022.3.9f1 (ea401c316338)
[Subsystems] Discovering subsystems at path C:/Program Files/Unity/Hub/Editor/2022.3.9f1/Editor/Data/Resources/UnitySubsystems
[Subsystems] Discovering subsystems at path C:/Users/gohke/OneDrive/Desktop/SOT 3dModeling/SOTModeling/Assets
GfxDevice: creating device client; threaded=0; jobified=0
Direct3D:
    Version:  Direct3D 11.0 [level 11.1]
    Renderer: NVIDIA GeForce GTX 1650 (ID=0x1f91)
    Vendor:   NVIDIA
    VRAM:     3935 MB
    Driver:   32.0.15.6081
Initialize mono
Mono path[0] = 'C:/Program Files/Unity/Hub/Editor/2022.3.9f1/Editor/Data/Managed'
Mono path[1] = 'C:/Program Files/Unity/Hub/Editor/2022.3.9f1/Editor/Data/MonoBleedingEdge/lib/mono/unityjit-win32'
Mono config path = 'C:/Program Files/Unity/Hub/Editor/2022.3.9f1/Editor/Data/MonoBleedingEdge/etc'
Using monoOptions --debugger-agent=transport=dt_socket,embedding=1,server=y,suspend=n,address=127.0.0.1:56532
Begin MonoManager ReloadAssembly
Registering precompiled unity dll's ...
Register platform support module: C:/Program Files/Unity/Hub/Editor/2022.3.9f1/Editor/Data/PlaybackEngines/AndroidPlayer/UnityEditor.Android.Extensions.dll
Register platform support module: C:/Program Files/Unity/Hub/Editor/2022.3.9f1/Editor/Data/PlaybackEngines/iOSSupport/UnityEditor.iOS.Extensions.dll
Register platform support module: C:/Program Files/Unity/Hub/Editor/2022.3.9f1/Editor/Data/PlaybackEngines/WindowsStandaloneSupport/UnityEditor.WindowsStandalone.Extensions.dll
Register platform support module: C:/Program Files/Unity/Hub/Editor/2022.3.9f1/Editor/Data/PlaybackEngines/MetroSupport/UnityEditor.UWP.Extensions.dll
Registered in 0.101918 seconds.
- Loaded All Assemblies, in  3.108 seconds
Native extension for UWP target not found
Native extension for WindowsStandalone target not found
[usbmuxd] Start listen thread
[usbmuxd] Listen thread started
Native extension for iOS target not found
Native extension for Android target not found
Android Extension - Scanning For ADB Devices 2354 ms
Mono: successfully reloaded assembly
- Finished resetting the current domain, in  3.931 seconds
Domain Reload Profiling: 7022ms
	BeginReloadAssembly (1331ms)
		ExecutionOrderSort (0ms)
		DisableScriptedObjects (0ms)
		BackupInstance (0ms)
		ReleaseScriptingObjects (0ms)
		CreateAndSetChildDomain (2ms)
	RebuildCommonClasses (140ms)
	RebuildNativeTypeToScriptingClass (75ms)
	initialDomainReloadingComplete (468ms)
	LoadAllAssembliesAndSetupDomain (1075ms)
		LoadAssemblies (1330ms)
		RebuildTransferFunctionScriptingTraits (0ms)
		AnalyzeDomain (1053ms)
			TypeCache.Refresh (1050ms)
				TypeCache.ScanAssembly (1009ms)
			ScanForSourceGeneratedMonoScriptInfo (1ms)
			ResolveRequiredComponents (1ms)
	FinalizeReload (3933ms)
		ReleaseScriptCaches (0ms)
		RebuildScriptCaches (0ms)
		SetupLoadedEditorAssemblies (3691ms)
			LogAssemblyErrors (0ms)
			InitializePlatformSupportModulesInManaged (2866ms)
			SetLoadedEditorAssemblies (21ms)
			RefreshPlugins (0ms)
			BeforeProcessingInitializeOnLoad (10ms)
			ProcessInitializeOnLoadAttributes (630ms)
			ProcessInitializeOnLoadMethodAttributes (164ms)
			AfterProcessingInitializeOnLoad (0ms)
			EditorAssembliesLoaded (0ms)
		ExecutionOrderSort2 (0ms)
		AwakeInstancesAfterBackupRestoration (0ms)
========================================================================
Worker process is ready to serve import requests
Begin MonoManager ReloadAssembly
- Loaded All Assemblies, in  3.130 seconds
Refreshing native plugins compatible for Editor in 24.48 ms, found 8 plugins.
Native extension for UWP target not found
Native extension for WindowsStandalone target not found
Native extension for iOS target not found
Native extension for Android target not found
Mono: successfully reloaded assembly
- Finished resetting the current domain, in  2.560 seconds
Domain Reload Profiling: 5655ms
	BeginReloadAssembly (1354ms)
		ExecutionOrderSort (0ms)
		DisableScriptedObjects (9ms)
		BackupInstance (0ms)
		ReleaseScriptingObjects (0ms)
		CreateAndSetChildDomain (33ms)
	RebuildCommonClasses (93ms)
	RebuildNativeTypeToScriptingClass (33ms)
	initialDomainReloadingComplete (143ms)
	LoadAllAssembliesAndSetupDomain (1472ms)
		LoadAssemblies (1838ms)
		RebuildTransferFunctionScriptingTraits (0ms)
		AnalyzeDomain (637ms)
			TypeCache.Refresh (508ms)
				TypeCache.ScanAssembly (461ms)
			ScanForSourceGeneratedMonoScriptInfo (97ms)
			ResolveRequiredComponents (29ms)
	FinalizeReload (2561ms)
		ReleaseScriptCaches (0ms)
		RebuildScriptCaches (0ms)
		SetupLoadedEditorAssemblies (2131ms)
			LogAssemblyErrors (0ms)
			InitializePlatformSupportModulesInManaged (135ms)
			SetLoadedEditorAssemblies (5ms)
			RefreshPlugins (0ms)
			BeforeProcessingInitializeOnLoad (272ms)
			ProcessInitializeOnLoadAttributes (1446ms)
			ProcessInitializeOnLoadMethodAttributes (234ms)
			AfterProcessingInitializeOnLoad (38ms)
			EditorAssembliesLoaded (0ms)
		ExecutionOrderSort2 (0ms)
		AwakeInstancesAfterBackupRestoration (25ms)
Launched and connected shader compiler UnityShaderCompiler.exe after 0.21 seconds
Refreshing native plugins compatible for Editor in 43.27 ms, found 8 plugins.
Preloading 0 native plugins for Editor in 0.00 ms.
Unloading 5037 Unused Serialized files (Serialized files now loaded: 0)
Unloading 88 unused Assets / (2.6 MB). Loaded Objects now: 5484.
Memory consumption went from 200.0 MB to 197.3 MB.
Total: 11.549900 ms (FindLiveObjects: 0.950400 ms CreateObjectMapping: 0.893500 ms MarkObjects: 5.782500 ms  DeleteObjects: 3.919900 ms)

AssetImportParameters requested are different than current active one (requested -> active):
  custom:container-demuxer-ogg: 62fdf1f143b41e24485cea50d1cbac27 -> 
  custom:video-codec-MediaFoundation-h265: 746d11721c4dcdbdad8f713fa42b33f4 -> 
  custom:video-decoder-ogg-theora: a1e56fd34408186e4bbccfd4996cb3dc -> 
  custom:framework-win-MediaFoundation: 216162199b28c13a410421893ffa2e32 -> 
  custom:CustomObjectIndexerAttribute: 756ad292c208cfabdd7b50bc23989ffe -> 
  custom:container-demuxer-webm: 4f35f7cbe854078d1ac9338744f61a02 -> 
  custom:container-muxer-webm: aa71ff27fc2769a1b78a27578f13a17b -> 
  custom:video-decoder-webm-vp8: 9c59270c3fd7afecdb556c50c9e8de78 -> 
  custom:SearchIndexIgnoredProperties: e643bd26f0fe6173181afceb89e7c659 -> 
  custom:AudioImporter_EditorPlatform: d09bf68614088b80899f8185d706f6e7 -> 
  custom:video-encoder-webm-vp8: eb34c28f22e8b96e1ab97ce403110664 -> 
  custom:audio-decoder-ogg-vorbis: bf7c407c2cedff20999df2af8eb42d56 -> 
  custom:audio-encoder-webm-vorbis: bf7c407c2cedff20999df2af8eb42d56 -> 
========================================================================
Received Import Request.
  Time since last request: 11895.224658 seconds.
  path: Assets/Texture/RH Wood/Material.144_Height.png
  artifactKey: Guid(eedf022b558d16745847d32e15f21ca8) Importer(815301076,1909f56bfc062723c751e8b465ee728b)
Start importing Assets/Texture/RH Wood/Material.144_Height.png using Guid(eedf022b558d16745847d32e15f21ca8) Importer(815301076,1909f56bfc062723c751e8b465ee728b)  -> (artifact id: 'a5e214e54f0a6c5e7f54d6a79d793574') in 0.259791 seconds
Number of updated asset objects reloaded before import = 0
Number of asset objects unloaded after import = 2
========================================================================
Received Import Request.
  Time since last request: 0.000176 seconds.
  path: Assets/Texture/RH Wood/Material.144_Roughness.png
  artifactKey: Guid(e801306c6908d0746bc7fd18cdae5f9b) Importer(815301076,1909f56bfc062723c751e8b465ee728b)
Start importing Assets/Texture/RH Wood/Material.144_Roughness.png using Guid(e801306c6908d0746bc7fd18cdae5f9b) Importer(815301076,1909f56bfc062723c751e8b465ee728b)  -> (artifact id: 'bf6e8c7cb64754f7eee6887b55991bdb') in 0.116118 seconds
Number of updated asset objects reloaded before import = 0
Number of asset objects unloaded after import = 2
========================================================================
Received Import Request.
  Time since last request: 0.000037 seconds.
  path: Assets/Texture/RH Wood/Material.142_Roughness.png
  artifactKey: Guid(07350d68feb2e5946a49752b9b5564a8) Importer(815301076,1909f56bfc062723c751e8b465ee728b)
Start importing Assets/Texture/RH Wood/Material.142_Roughness.png using Guid(07350d68feb2e5946a49752b9b5564a8) Importer(815301076,1909f56bfc062723c751e8b465ee728b)  -> (artifact id: '00e356d640db0bd95de1ef5583f9533e') in 0.082397 seconds
Number of updated asset objects reloaded before import = 0
Number of asset objects unloaded after import = 2
========================================================================
Received Import Request.
  Time since last request: 0.238304 seconds.
  path: Assets/Texture/RH Wood/Material.142_Base_color.png
  artifactKey: Guid(a5572435bd94d2845a747ac9d3c3a718) Importer(815301076,1909f56bfc062723c751e8b465ee728b)
Start importing Assets/Texture/RH Wood/Material.142_Base_color.png using Guid(a5572435bd94d2845a747ac9d3c3a718) Importer(815301076,1909f56bfc062723c751e8b465ee728b)  -> (artifact id: '67ff8537b700be2b49762b76ddfa7b87') in 0.071668 seconds
Number of updated asset objects reloaded before import = 0
Number of asset objects unloaded after import = 2
========================================================================
Received Import Request.
  Time since last request: 0.000045 seconds.
  path: Assets/Texture/RH Wood/New Material 1.mat
  artifactKey: Guid(703465d50a5c41245a29c5c20346d7fb) Importer(815301076,1909f56bfc062723c751e8b465ee728b)
Start importing Assets/Texture/RH Wood/New Material 1.mat using Guid(703465d50a5c41245a29c5c20346d7fb) Importer(815301076,1909f56bfc062723c751e8b465ee728b)  -> (artifact id: '2d5fa457d4bed868cd302ef5f0ff8881') in 0.175196 seconds
Number of updated asset objects reloaded before import = 0
Number of asset objects unloaded after import = 1
========================================================================
Received Import Request.
  Time since last request: 0.000143 seconds.
  path: Assets/Texture/RH Wood/Material.144_Metallic.png
  artifactKey: Guid(915da4ae17daad646bd48202041c5fa2) Importer(815301076,1909f56bfc062723c751e8b465ee728b)
Start importing Assets/Texture/RH Wood/Material.144_Metallic.png using Guid(915da4ae17daad646bd48202041c5fa2) Importer(815301076,1909f56bfc062723c751e8b465ee728b)  -> (artifact id: '52a28ae2c140da159113ddbbff1994a3') in 0.092962 seconds
Number of updated asset objects reloaded before import = 0
Number of asset objects unloaded after import = 2
========================================================================
Received Import Request.
  Time since last request: 0.000053 seconds.
  path: Assets/Texture/RH Wood/Material.142_Mixed_AO.png
  artifactKey: Guid(f82222f35b4d0614ba39691a73d2048c) Importer(815301076,1909f56bfc062723c751e8b465ee728b)
Start importing Assets/Texture/RH Wood/Material.142_Mixed_AO.png using Guid(f82222f35b4d0614ba39691a73d2048c) Importer(815301076,1909f56bfc062723c751e8b465ee728b)  -> (artifact id: '51b9a314aba871097a9401f80cb9a171') in 0.088896 seconds
Number of updated asset objects reloaded before import = 0
Number of asset objects unloaded after import = 2
========================================================================
Received Import Request.
  Time since last request: 0.000046 seconds.
  path: Assets/Texture/RH Wood/Material.142_Normal.png
  artifactKey: Guid(7d0e203cf91757a4196cc72ca29ea860) Importer(815301076,1909f56bfc062723c751e8b465ee728b)
Start importing Assets/Texture/RH Wood/Material.142_Normal.png using Guid(7d0e203cf91757a4196cc72ca29ea860) Importer(815301076,1909f56bfc062723c751e8b465ee728b)  -> (artifact id: '9b004c62cd01163fdfcec9c08847d8b4') in 0.065979 seconds
Number of updated asset objects reloaded before import = 0
Number of asset objects unloaded after import = 2
========================================================================
Received Import Request.
  Time since last request: 0.000048 seconds.
  path: Assets/Texture/RH Wood/Material.144_Normal.png
  artifactKey: Guid(c7209fda080439d4f9aa44209c2057ef) Importer(815301076,1909f56bfc062723c751e8b465ee728b)
Start importing Assets/Texture/RH Wood/Material.144_Normal.png using Guid(c7209fda080439d4f9aa44209c2057ef) Importer(815301076,1909f56bfc062723c751e8b465ee728b)  -> (artifact id: '498ba6773c85364bafc47c5033610e3b') in 0.078802 seconds
Number of updated asset objects reloaded before import = 0
Number of asset objects unloaded after import = 2
========================================================================
Received Import Request.
  Time since last request: 0.000056 seconds.
  path: Assets/Texture/RH Wood/New Material.mat
  artifactKey: Guid(cb36a249ceb3a3745abef15b9c8964ec) Importer(815301076,1909f56bfc062723c751e8b465ee728b)
Start importing Assets/Texture/RH Wood/New Material.mat using Guid(cb36a249ceb3a3745abef15b9c8964ec) Importer(815301076,1909f56bfc062723c751e8b465ee728b)  -> (artifact id: '20c945825be2ce03cc6be9c6610272af') in 0.017896 seconds
Number of updated asset objects reloaded before import = 0
Number of asset objects unloaded after import = 1
========================================================================
Received Import Request.
  Time since last request: 0.000415 seconds.
  path: Assets/Texture/RH Wood/Material.144_Mixed_AO.png
  artifactKey: Guid(9da491eedb9a3df47ad86f063a690d0e) Importer(815301076,1909f56bfc062723c751e8b465ee728b)
Start importing Assets/Texture/RH Wood/Material.144_Mixed_AO.png using Guid(9da491eedb9a3df47ad86f063a690d0e) Importer(815301076,1909f56bfc062723c751e8b465ee728b)  -> (artifact id: '41a666cb5873f53050037d142e3600e3') in 0.090847 seconds
Number of updated asset objects reloaded before import = 0
Number of asset objects unloaded after import = 2
========================================================================
Received Import Request.
  Time since last request: 0.000063 seconds.
  path: Assets/Texture/RH Wood/Material.144_Normal_DirectX.png
  artifactKey: Guid(6c5ca831a0f1b374989675abb0744519) Importer(815301076,1909f56bfc062723c751e8b465ee728b)
Start importing Assets/Texture/RH Wood/Material.144_Normal_DirectX.png using Guid(6c5ca831a0f1b374989675abb0744519) Importer(815301076,1909f56bfc062723c751e8b465ee728b)  -> (artifact id: '9e6752e2b5dec6e73ec805c48ad723ff') in 0.095924 seconds
Number of updated asset objects reloaded before import = 0
Number of asset objects unloaded after import = 2
========================================================================
Received Import Request.
  Time since last request: 0.000041 seconds.
  path: Assets/Texture/RH Wood/Material.142_Normal_DirectX.png
  artifactKey: Guid(10354a75ba315c44c9dbceb003831eec) Importer(815301076,1909f56bfc062723c751e8b465ee728b)
Start importing Assets/Texture/RH Wood/Material.142_Normal_DirectX.png using Guid(10354a75ba315c44c9dbceb003831eec) Importer(815301076,1909f56bfc062723c751e8b465ee728b)  -> (artifact id: '37fcc5927679f2862a321b025cabaef9') in 0.087205 seconds
Number of updated asset objects reloaded before import = 0
Number of asset objects unloaded after import = 2
========================================================================
Received Import Request.
  Time since last request: 0.000791 seconds.
  path: Assets/Texture/RH Wood/Material.144_Base_color.png
  artifactKey: Guid(aebcae54daeed6743a2a5e54c127e3ff) Importer(815301076,1909f56bfc062723c751e8b465ee728b)
Start importing Assets/Texture/RH Wood/Material.144_Base_color.png using Guid(aebcae54daeed6743a2a5e54c127e3ff) Importer(815301076,1909f56bfc062723c751e8b465ee728b)  -> (artifact id: 'd08c457304257e6ca1b631ddff908c02') in 0.106622 seconds
Number of updated asset objects reloaded before import = 0
Number of asset objects unloaded after import = 2
========================================================================
Received Import Request.
  Time since last request: 0.000286 seconds.
  path: Assets/Texture/RH Wood/Material.142_Height.png
  artifactKey: Guid(cbd707db8380a9747a48d46303bda9c2) Importer(815301076,1909f56bfc062723c751e8b465ee728b)
Start importing Assets/Texture/RH Wood/Material.142_Height.png using Guid(cbd707db8380a9747a48d46303bda9c2) Importer(815301076,1909f56bfc062723c751e8b465ee728b)  -> (artifact id: 'dfae0dd0c3c71312ca31015016d46773') in 0.101915 seconds
Number of updated asset objects reloaded before import = 0
Number of asset objects unloaded after import = 2
========================================================================
Received Import Request.
  Time since last request: 0.000043 seconds.
  path: Assets/Texture/RH Wood/Material.142_Metallic.png
  artifactKey: Guid(5e9b309f8dc78e748a7bdd1fa46cd552) Importer(815301076,1909f56bfc062723c751e8b465ee728b)
Start importing Assets/Texture/RH Wood/Material.142_Metallic.png using Guid(5e9b309f8dc78e748a7bdd1fa46cd552) Importer(815301076,1909f56bfc062723c751e8b465ee728b)  -> (artifact id: '8c05485560634c10c162c44a2faeb3e0') in 0.076274 seconds
Number of updated asset objects reloaded before import = 0
Number of asset objects unloaded after import = 2
TcpMessagingSession - receive error
AssetImportWorkerClient::OnTransportError - code=10054 error=An existing connection was forcibly closed by the remote host.
